CtpClient Node Addon Path:./CTP/linux/x64/NodeQuant.node
>>>>>>>>>>  NodeQuant <<<<<<<<<<
Date :8:31:04 AM
(node:10493) Warning: N-API is an experimental feature and could change at any time.
7/9/2019, 8:31:04 AM,信息来源MainEngine ,Msg:MainEngine Start
CtpClient Created
7/9/2019, 8:31:04 AM,信息来源CTP ,Msg:Market Front 6.3.15_20190220 15:47:00 connected. --> Then Login
br-e35d731f8eef: Success
docker0: Success
br-40ac6223940d: Success
lxcbr0: Success
7/9/2019, 8:31:04 AM,信息来源CTP ,Msg:Market Front login request sended. return:0
7/9/2019, 8:31:04 AM,信息来源CTP ,Msg:Trade Front connected.--> The Login
7/9/2019, 8:31:04 AM,信息来源CTP ,Msg:Trade Front 6.3.15_20190220 15:47:00 connected. --> Then Authentication
7/9/2019, 8:31:04 AM,信息来源CTP ,Msg:Trade Front Authentication request sent. Return:0
7/9/2019, 8:31:04 AM,信息来源CTP ,Msg:Market Front login successfully
7/9/2019, 8:31:04 AM,信息来源CTP ,Msg:Trade Front Authenticate Successfully.--> The Login
br-e35d731f8eef: No such file or directory
docker0: No such file or directory
br-40ac6223940d: No such file or directory
lxcbr0: No such file or directory
7/9/2019, 8:31:04 AM,信息来源CTP ,Msg:Trade Front login request sended. Return:0
7/9/2019, 8:31:04 AM,信息来源CTP ,Msg:CTP Trade Front login successfully
7/9/2019, 8:31:04 AM,信息来源CTP ,Msg:Trade Front confirm settlementInfo request sended. Return:0
7/9/2019, 8:31:04 AM,信息来源CTP ,Msg:Trade Front confirm settlementInfo successfully. --> Then query all contracts.
7/9/2019, 8:31:05 AM,信息来源CTP ,Msg:Trade Front query all contract: Received all contracts.
7/9/2019, 8:31:05 AM,信息来源StrategyEngine ,Msg:StrategyEngine Start
SELECT * FROM sp1909 ORDER BY time desc LIMIT 216000
7/9/2019, 8:31:05 AM,信息来源sp1909PriceCloseLongStrategy ,Msg:sp1909PriceCloseLongStrategy策略启动成功
SELECT * FROM ZC909 ORDER BY time desc LIMIT 3600
7/9/2019, 8:31:05 AM,信息来源ZC909CavalryIIStrategy ,Msg:ZC909CavalryIIStrategy策略启动成功
SELECT * FROM OI909 ORDER BY time desc LIMIT 3600
7/9/2019, 8:31:05 AM,信息来源OI909AirForceIIStrategy ,Msg:OI909AirForceIIStrategy策略启动成功
SELECT * FROM AP910 ORDER BY time desc LIMIT 3600
7/9/2019, 8:31:05 AM,信息来源AP910AirForceIIStrategy ,Msg:AP910AirForceIIStrategy策略启动成功
SELECT * FROM rb1910 ORDER BY time desc LIMIT 3600
7/9/2019, 8:31:05 AM,信息来源rb1910AirForceIIStrategy ,Msg:rb1910AirForceIIStrategy策略启动成功
SELECT * FROM au1912 ORDER BY time desc LIMIT 3600
7/9/2019, 8:31:05 AM,信息来源au1912AirForceIIStrategy ,Msg:au1912AirForceIIStrategy策略启动成功
SELECT * FROM bu1912 ORDER BY time desc LIMIT 3600
7/9/2019, 8:31:05 AM,信息来源bu1912AirForceIIStrategy ,Msg:bu1912AirForceIIStrategy策略启动成功
SELECT * FROM FG909 ORDER BY time desc LIMIT 3600
7/9/2019, 8:31:05 AM,信息来源FG909AirForceIIStrategy ,Msg:FG909AirForceIIStrategy策略启动成功
SELECT * FROM jm1909 ORDER BY time desc LIMIT 3600
7/9/2019, 8:31:05 AM,信息来源jm1909AirForceIIStrategy ,Msg:jm1909AirForceIIStrategy策略启动成功
SELECT * FROM RM909 ORDER BY time desc LIMIT 3600
7/9/2019, 8:31:05 AM,信息来源RM909CavalryIIStrategy ,Msg:RM909CavalryIIStrategy策略启动成功
SELECT * FROM y1909 ORDER BY time desc LIMIT 3600
7/9/2019, 8:31:05 AM,信息来源y1909AirForceIIStrategy ,Msg:y1909AirForceIIStrategy策略启动成功
SELECT * FROM sp1909 ORDER BY time desc LIMIT 3600
7/9/2019, 8:31:05 AM,信息来源sp1909CavalryIIStrategy ,Msg:sp1909CavalryIIStrategy策略启动成功
SELECT * FROM i1909 ORDER BY time desc LIMIT 3600
7/9/2019, 8:31:05 AM,信息来源i1909AirForceIIStrategy ,Msg:i1909AirForceIIStrategy策略启动成功
SELECT * FROM ag1912 ORDER BY time desc LIMIT 3600
7/9/2019, 8:31:05 AM,信息来源ag1912CavalryIIStrategy ,Msg:ag1912CavalryIIStrategy策略启动成功
SELECT * FROM pb1908 ORDER BY time desc LIMIT 3600
7/9/2019, 8:31:05 AM,信息来源pb1908CavalryIIStrategy ,Msg:pb1908CavalryIIStrategy策略启动成功
7/9/2019, 8:31:05 AM,信息来源CTP ,Msg:Market Subscribe sp1909 Successfully.RequestId:0
7/9/2019, 8:31:05 AM,信息来源MainEngine ,Msg:Subscribe sp1909,Successful
7/9/2019, 8:31:05 AM,信息来源CTP ,Msg:Market Subscribe ZC909 Successfully.RequestId:0
7/9/2019, 8:31:05 AM,信息来源MainEngine ,Msg:Subscribe ZC909,Successful
7/9/2019, 8:31:05 AM,信息来源CTP ,Msg:Market Subscribe OI909 Successfully.RequestId:0
7/9/2019, 8:31:05 AM,信息来源MainEngine ,Msg:Subscribe OI909,Successful
7/9/2019, 8:31:05 AM,信息来源CTP ,Msg:Market Subscribe AP910 Successfully.RequestId:0
7/9/2019, 8:31:05 AM,信息来源MainEngine ,Msg:Subscribe AP910,Successful
7/9/2019, 8:31:05 AM,信息来源CTP ,Msg:Market Subscribe rb1910 Successfully.RequestId:0
7/9/2019, 8:31:05 AM,信息来源MainEngine ,Msg:Subscribe rb1910,Successful
rb1910---7/9/2019, 11:00:00 PM flag: null signal: 0
7/9/2019, 8:31:05 AM,信息来源CTP ,Msg:Market Subscribe au1912 Successfully.RequestId:0
7/9/2019, 8:31:05 AM,信息来源MainEngine ,Msg:Subscribe au1912,Successful
au1912---7/9/2019, 2:29:59 AM flag: null signal: 0
7/9/2019, 8:31:05 AM,信息来源CTP ,Msg:Market Subscribe bu1912 Successfully.RequestId:0
7/9/2019, 8:31:05 AM,信息来源MainEngine ,Msg:Subscribe bu1912,Successful
bu1912---7/9/2019, 11:00:00 PM flag: null signal: 0
7/9/2019, 8:31:05 AM,信息来源CTP ,Msg:Market Subscribe FG909 Successfully.RequestId:0
7/9/2019, 8:31:05 AM,信息来源MainEngine ,Msg:Subscribe FG909,Successful
FG909---7/9/2019, 11:29:59 PM flag: null signal: 0
7/9/2019, 8:31:05 AM,信息来源CTP ,Msg:Market Subscribe jm1909 Successfully.RequestId:0
7/9/2019, 8:31:05 AM,信息来源MainEngine ,Msg:Subscribe jm1909,Successful
jm1909---7/9/2019, 10:59:59 PM flag: null signal: 0
7/9/2019, 8:31:05 AM,信息来源CTP ,Msg:Market Subscribe RM909 Successfully.RequestId:0
7/9/2019, 8:31:05 AM,信息来源MainEngine ,Msg:Subscribe RM909,Successful
7/9/2019, 8:31:05 AM,信息来源CTP ,Msg:Market Subscribe y1909 Successfully.RequestId:0
7/9/2019, 8:31:05 AM,信息来源MainEngine ,Msg:Subscribe y1909,Successful
y1909---7/9/2019, 10:59:59 PM flag: null signal: 0
7/9/2019, 8:31:05 AM,信息来源CTP ,Msg:Market Subscribe sp1909 Successfully.RequestId:0
7/9/2019, 8:31:05 AM,信息来源MainEngine ,Msg:Subscribe sp1909,Successful
7/9/2019, 8:31:05 AM,信息来源CTP ,Msg:Market Subscribe i1909 Successfully.RequestId:0
7/9/2019, 8:31:05 AM,信息来源MainEngine ,Msg:Subscribe i1909,Successful
i1909---7/9/2019, 10:59:59 PM flag: null signal: 0
7/9/2019, 8:31:05 AM,信息来源CTP ,Msg:Market Subscribe ag1912 Successfully.RequestId:0
7/9/2019, 8:31:05 AM,信息来源MainEngine ,Msg:Subscribe ag1912,Successful
7/9/2019, 8:31:05 AM,信息来源CTP ,Msg:Market Subscribe pb1908 Successfully.RequestId:0
7/9/2019, 8:31:05 AM,信息来源MainEngine ,Msg:Subscribe pb1908,Successful
y1909---7/9/2019, 9:00:00 AM flag: null signal: 0
50
AP910---7/9/2019, 9:00:00 AM flag: null signal: 0
FG909---7/9/2019, 9:00:00 AM flag: null signal: 0
50
50
i1909---7/9/2019, 9:00:00 AM flag: null signal: 0
50
jm1909---7/9/2019, 9:00:00 AM flag: null signal: 0
50
50
au1912---7/9/2019, 9:00:00 AM flag: null signal: 0
50
bu1912---7/9/2019, 9:00:00 AM flag: null signal: 0
50
50
rb1910---7/9/2019, 9:00:00 AM flag: null signal: 0
50
50
50
y1909---7/9/2019, 9:00:18 AM flag: null signal: 1
50
50
au1912---7/9/2019, 9:00:18 AM flag: false signal: 2
50
bu1912---7/9/2019, 9:00:18 AM flag: false signal: 2
50
50
rb1910---7/9/2019, 9:00:18 AM flag: false signal: 2
50
50
AP910---7/9/2019, 9:00:18 AM flag: null signal: 0
50
50
i1909---7/9/2019, 9:00:18 AM flag: null signal: 1
50
jm1909---7/9/2019, 9:00:18 AM flag: false signal: 2
50
FG909---7/9/2019, 9:00:18 AM flag: null signal: 1
50
50
y1909---7/9/2019, 9:00:36 AM flag: null signal: 1
50
50
au1912---7/9/2019, 9:00:36 AM flag: false signal: 1
50
bu1912---7/9/2019, 9:00:36 AM flag: false signal: 1
50
50
rb1910---7/9/2019, 9:00:36 AM flag: false signal: 2
50
50
AP910---7/9/2019, 9:00:36 AM flag: false signal: 2
50
FG909---7/9/2019, 9:00:36 AM flag: null signal: 1
50
50
i1909---7/9/2019, 9:00:36 AM flag: null signal: 1
50
50
jm1909---7/9/2019, 9:00:37 AM flag: false signal: 2
50
y1909---7/9/2019, 9:00:54 AM flag: null signal: 1
50
50
au1912---7/9/2019, 9:00:54 AM flag: false signal: 1
50
bu1912---7/9/2019, 9:00:54 AM flag: false signal: 1
50
50
rb1910---7/9/2019, 9:00:54 AM flag: false signal: 2
50
50
AP910---7/9/2019, 9:00:54 AM flag: false signal: 2
50
FG909---7/9/2019, 9:00:54 AM flag: null signal: 0
50
i1909---7/9/2019, 9:00:54 AM flag: null signal: 1
50
50
jm1909---7/9/2019, 9:00:54 AM flag: false signal: 1
50
50
y1909---7/9/2019, 9:01:12 AM flag: null signal: 1
50
au1912---7/9/2019, 9:01:12 AM flag: false signal: 1
50
bu1912---7/9/2019, 9:01:12 AM flag: false signal: 1
50
50
rb1910---7/9/2019, 9:01:12 AM flag: false signal: 2
50
50
i1909---7/9/2019, 9:01:12 AM flag: null signal: 0
50
jm1909---7/9/2019, 9:01:12 AM flag: false signal: 1
50
AP910---7/9/2019, 9:01:12 AM flag: false signal: 2
50
50
50
50
FG909---7/9/2019, 9:01:12 AM flag: null signal: 0
50
50
au1912---7/9/2019, 9:01:30 AM flag: false signal: 1
50
bu1912---7/9/2019, 9:01:30 AM flag: false signal: 1
50
50
rb1910---7/9/2019, 9:01:30 AM flag: false signal: 2
50
50
i1909---7/9/2019, 9:01:30 AM flag: null signal: 0
50
jm1909---7/9/2019, 9:01:30 AM flag: false signal: 1
50
AP910---7/9/2019, 9:01:30 AM flag: false signal: 2
50
FG909---7/9/2019, 9:01:30 AM flag: null signal: 0
50
50
50
y1909---7/9/2019, 9:01:30 AM flag: null signal: 1
50
50
au1912---7/9/2019, 9:01:48 AM flag: false signal: 1
50
bu1912---7/9/2019, 9:01:48 AM flag: false signal: 1
50
rb1910---7/9/2019, 9:01:48 AM flag: false signal: 2
50
50
i1909---7/9/2019, 9:01:48 AM flag: null signal: 0
50
AP910---7/9/2019, 9:01:48 AM flag: false signal: 2
50
50
50
y1909---7/9/2019, 9:01:48 AM flag: null signal: 1
50
50
jm1909---7/9/2019, 9:01:49 AM flag: false signal: 1
50
FG909---7/9/2019, 9:01:49 AM flag: null signal: 0
50
y1909---7/9/2019, 9:02:06 AM flag: null signal: 1
50
50
au1912---7/9/2019, 9:02:06 AM flag: false signal: 1
50
bu1912---7/9/2019, 9:02:06 AM flag: false signal: 1
50
rb1910---7/9/2019, 9:02:06 AM flag: false signal: 2
50
50
i1909---7/9/2019, 9:02:06 AM flag: null signal: 0
50
jm1909---7/9/2019, 9:02:06 AM flag: false signal: 1
50
AP910---7/9/2019, 9:02:06 AM flag: false signal: 2
50
50
FG909---7/9/2019, 9:02:06 AM flag: null signal: 0
50
50
50
y1909---7/9/2019, 9:02:24 AM flag: null signal: 1
50
au1912---7/9/2019, 9:02:24 AM flag: false signal: 1
50
bu1912---7/9/2019, 9:02:24 AM flag: false signal: 1
50
rb1910---7/9/2019, 9:02:24 AM flag: false signal: 1
50
50
i1909---7/9/2019, 9:02:24 AM flag: null signal: 0
50
jm1909---7/9/2019, 9:02:24 AM flag: false signal: 1
50
AP910---7/9/2019, 9:02:24 AM flag: false signal: 2
50
50
50
50
FG909---7/9/2019, 9:02:24 AM flag: null signal: 0
50
50
50
bu1912---7/9/2019, 9:02:42 AM flag: false signal: 1
50
rb1910---7/9/2019, 9:02:42 AM flag: false signal: 1
50
50
i1909---7/9/2019, 9:02:42 AM flag: null signal: 0
50
jm1909---7/9/2019, 9:02:42 AM flag: false signal: 1
50
AP910---7/9/2019, 9:02:42 AM flag: false signal: 2
50
FG909---7/9/2019, 9:02:42 AM flag: null signal: 0
50
50
au1912---7/9/2019, 9:02:42 AM flag: false signal: 1
50
50
y1909---7/9/2019, 9:02:43 AM flag: null signal: 1
50
50
y1909---7/9/2019, 9:03:00 AM flag: null signal: 1
50
50
au1912---7/9/2019, 9:03:00 AM flag: false signal: 1
50
bu1912---7/9/2019, 9:03:00 AM flag: false signal: 1
50
50
rb1910---7/9/2019, 9:03:00 AM flag: false signal: 1
50
i1909---7/9/2019, 9:03:00 AM flag: null signal: 0
50
jm1909---7/9/2019, 9:03:00 AM flag: false signal: 1
50
AP910---7/9/2019, 9:03:00 AM flag: false signal: 2
50
FG909---7/9/2019, 9:03:00 AM flag: null signal: 1
50
50
50
50
y1909---7/9/2019, 9:03:18 AM flag: null signal: 0
50
50
au1912---7/9/2019, 9:03:18 AM flag: false signal: 1
50
bu1912---7/9/2019, 9:03:18 AM flag: false signal: 1
50
50
rb1910---7/9/2019, 9:03:18 AM flag: false signal: 1
50
i1909---7/9/2019, 9:03:18 AM flag: null signal: 0
50
AP910---7/9/2019, 9:03:18 AM flag: false signal: 2
50
FG909---7/9/2019, 9:03:18 AM flag: null signal: 1
50
50
50
50
jm1909---7/9/2019, 9:03:19 AM flag: false signal: 1
50
y1909---7/9/2019, 9:03:36 AM flag: null signal: 0
50
50
au1912---7/9/2019, 9:03:36 AM flag: false signal: 1
50
bu1912---7/9/2019, 9:03:36 AM flag: false signal: 1
50
50
rb1910---7/9/2019, 9:03:36 AM flag: false signal: 1
50
50
i1909---7/9/2019, 9:03:36 AM flag: null signal: 0
50
jm1909---7/9/2019, 9:03:36 AM flag: false signal: 2
50
AP910---7/9/2019, 9:03:36 AM flag: false signal: 2
50
FG909---7/9/2019, 9:03:36 AM flag: null signal: 1
50
50
50
y1909---7/9/2019, 9:03:54 AM flag: null signal: 0
50
50
au1912---7/9/2019, 9:03:54 AM flag: false signal: 1
50
bu1912---7/9/2019, 9:03:54 AM flag: false signal: 1
50
50
rb1910---7/9/2019, 9:03:54 AM flag: false signal: 1
50
i1909---7/9/2019, 9:03:54 AM flag: null signal: 0
50
jm1909---7/9/2019, 9:03:54 AM flag: false signal: 2
50
AP910---7/9/2019, 9:03:54 AM flag: false signal: 2
50
FG909---7/9/2019, 9:03:54 AM flag: null signal: 0
50
50
50
50
y1909---7/9/2019, 9:04:12 AM flag: null signal: 0
50
50
50
au1912---7/9/2019, 9:04:12 AM flag: false signal: 1
50
bu1912---7/9/2019, 9:04:12 AM flag: false signal: 1
50
50
rb1910---7/9/2019, 9:04:12 AM flag: false signal: 1
50
50
i1909---7/9/2019, 9:04:12 AM flag: null signal: 0
50
jm1909---7/9/2019, 9:04:12 AM flag: false signal: 2
50
AP910---7/9/2019, 9:04:12 AM flag: false signal: 2
50
FG909---7/9/2019, 9:04:12 AM flag: null signal: 0
50
50
y1909---7/9/2019, 9:04:30 AM flag: null signal: 0
50
AP910---7/9/2019, 9:04:30 AM flag: false signal: 2
50
FG909---7/9/2019, 9:04:30 AM flag: null signal: 0
50
50
au1912---7/9/2019, 9:04:30 AM flag: false signal: 1
50
bu1912---7/9/2019, 9:04:30 AM flag: false signal: 1
50
50
rb1910---7/9/2019, 9:04:30 AM flag: false signal: 1
50
50
i1909---7/9/2019, 9:04:30 AM flag: null signal: 0
50
50
jm1909---7/9/2019, 9:04:30 AM flag: false signal: 1
50
50
AP910---7/9/2019, 9:04:48 AM flag: false signal: 2
50
50
50
au1912---7/9/2019, 9:04:48 AM flag: false signal: 2
50
bu1912---7/9/2019, 9:04:48 AM flag: false signal: 1
50
rb1910---7/9/2019, 9:04:48 AM flag: false signal: 1
50
i1909---7/9/2019, 9:04:48 AM flag: null signal: 0
50
y1909---7/9/2019, 9:04:48 AM flag: null signal: 0
50
50
50
jm1909---7/9/2019, 9:04:48 AM flag: false signal: 1
50
FG909---7/9/2019, 9:04:49 AM flag: null signal: 0
50
50
AP910---7/9/2019, 9:05:06 AM flag: false signal: 1
50
50
50
au1912---7/9/2019, 9:05:06 AM flag: false signal: 2
50
bu1912---7/9/2019, 9:05:06 AM flag: false signal: 1
50
rb1910---7/9/2019, 9:05:06 AM flag: false signal: 1
50
50
50
i1909---7/9/2019, 9:05:06 AM flag: null signal: 1
50
jm1909---7/9/2019, 9:05:06 AM flag: false signal: 1
50
y1909---7/9/2019, 9:05:06 AM flag: null signal: 0
50
50
FG909---7/9/2019, 9:05:07 AM flag: null signal: 0
50
50
au1912---7/9/2019, 9:05:24 AM flag: false signal: 2
50
bu1912---7/9/2019, 9:05:24 AM flag: false signal: 1
50
rb1910---7/9/2019, 9:05:24 AM flag: false signal: 2
50
AP910---7/9/2019, 9:05:24 AM flag: false signal: 1
50
50
i1909---7/9/2019, 9:05:24 AM flag: null signal: 1
50
50
50
FG909---7/9/2019, 9:05:24 AM flag: null signal: 0
50
y1909---7/9/2019, 9:05:25 AM flag: null signal: 0
50
jm1909---7/9/2019, 9:05:25 AM flag: false signal: 1
50
50
y1909---7/9/2019, 9:05:42 AM flag: null signal: 0
50
50
au1912---7/9/2019, 9:05:42 AM flag: false signal: 2
50
bu1912---7/9/2019, 9:05:42 AM flag: false signal: 1
50
50
rb1910---7/9/2019, 9:05:42 AM flag: false signal: 2
50
AP910---7/9/2019, 9:05:42 AM flag: false signal: 0
50
50
i1909---7/9/2019, 9:05:42 AM flag: null signal: 1
50
jm1909---7/9/2019, 9:05:42 AM flag: false signal: 1
50
FG909---7/9/2019, 9:05:42 AM flag: null signal: 1
50
50
50
y1909---7/9/2019, 9:06:00 AM flag: null signal: 0
50
50
au1912---7/9/2019, 9:06:00 AM flag: false signal: 1
50
bu1912---7/9/2019, 9:06:00 AM flag: false signal: 1
50
50
rb1910---7/9/2019, 9:06:00 AM flag: false signal: 2
50
50
AP910---7/9/2019, 9:06:00 AM flag: false signal: 0
50
50
i1909---7/9/2019, 9:06:00 AM flag: null signal: 1
50
jm1909---7/9/2019, 9:06:00 AM flag: false signal: 1
50
FG909---7/9/2019, 9:06:02 AM flag: null signal: 1
50
50
y1909---7/9/2019, 9:06:18 AM flag: null signal: 1
50
50
au1912---7/9/2019, 9:06:18 AM flag: false signal: 1
50
bu1912---7/9/2019, 9:06:18 AM flag: false signal: 0
50
rb1910---7/9/2019, 9:06:18 AM flag: false signal: 1
50
50
AP910---7/9/2019, 9:06:18 AM flag: false signal: 0
50
FG909---7/9/2019, 9:06:18 AM flag: false signal: 2
50
50
i1909---7/9/2019, 9:06:18 AM flag: null signal: 1
50
50
jm1909---7/9/2019, 9:06:19 AM flag: false signal: 1
50
50
50
au1912---7/9/2019, 9:06:36 AM flag: false signal: 1
50
bu1912---7/9/2019, 9:06:36 AM flag: false signal: 0
50
50
rb1910---7/9/2019, 9:06:36 AM flag: false signal: 1
50
50
AP910---7/9/2019, 9:06:36 AM flag: false signal: 0
50
i1909---7/9/2019, 9:06:36 AM flag: null signal: 1
50
50
jm1909---7/9/2019, 9:06:36 AM flag: false signal: 1
50
y1909---7/9/2019, 9:06:36 AM flag: null signal: 0
50
FG909---7/9/2019, 9:06:36 AM flag: false signal: 2
50
50
y1909---7/9/2019, 9:06:54 AM flag: null signal: 0
50
50
au1912---7/9/2019, 9:06:54 AM flag: false signal: 1
50
bu1912---7/9/2019, 9:06:54 AM flag: false signal: 0
50
rb1910---7/9/2019, 9:06:54 AM flag: false signal: 1
50
50
i1909---7/9/2019, 9:06:54 AM flag: null signal: 1
50
jm1909---7/9/2019, 9:06:54 AM flag: false signal: 1
50
AP910---7/9/2019, 9:06:54 AM flag: false signal: 0
50
FG909---7/9/2019, 9:06:54 AM flag: false signal: 2
50
50
50
50
y1909---7/9/2019, 9:07:12 AM flag: null signal: 0
50
au1912---7/9/2019, 9:07:12 AM flag: false signal: 1
50
bu1912---7/9/2019, 9:07:12 AM flag: false signal: 0
50
rb1910---7/9/2019, 9:07:12 AM flag: false signal: 2
50
50
i1909---7/9/2019, 9:07:12 AM flag: null signal: 1
50
AP910---7/9/2019, 9:07:12 AM flag: false signal: 0
50
FG909---7/9/2019, 9:07:12 AM flag: false signal: 2
50
50
50
50
50
jm1909---7/9/2019, 9:07:14 AM flag: false signal: 1
50
y1909---7/9/2019, 9:07:30 AM flag: null signal: 0
50
50
au1912---7/9/2019, 9:07:30 AM flag: false signal: 1
50
bu1912---7/9/2019, 9:07:30 AM flag: false signal: 1
50
rb1910---7/9/2019, 9:07:30 AM flag: false signal: 2
50
50
i1909---7/9/2019, 9:07:30 AM flag: null signal: 1
50
jm1909---7/9/2019, 9:07:30 AM flag: false signal: 1
50
AP910---7/9/2019, 9:07:30 AM flag: false signal: 0
50
FG909---7/9/2019, 9:07:30 AM flag: false signal: 2
50
50
50
50
50
bu1912---7/9/2019, 9:07:48 AM flag: false signal: 1
50
rb1910---7/9/2019, 9:07:48 AM flag: false signal: 2
50
50
i1909---7/9/2019, 9:07:48 AM flag: null signal: 1
50
AP910---7/9/2019, 9:07:48 AM flag: false signal: 1
50
FG909---7/9/2019, 9:07:48 AM flag: false signal: 2
50
50
50
y1909---7/9/2019, 9:07:48 AM flag: null signal: 0
50
50
au1912---7/9/2019, 9:07:49 AM flag: false signal: 1
50
jm1909---7/9/2019, 9:07:48 AM flag: false signal: 1
50
50
au1912---7/9/2019, 9:08:06 AM flag: false signal: 1
50
50
rb1910---7/9/2019, 9:08:06 AM flag: false signal: 2
50
50
i1909---7/9/2019, 9:08:06 AM flag: null signal: 1
50
AP910---7/9/2019, 9:08:06 AM flag: false signal: 1
50
FG909---7/9/2019, 9:08:06 AM flag: false signal: 2
50
50
bu1912---7/9/2019, 9:08:06 AM flag: false signal: 1
50
y1909---7/9/2019, 9:08:06 AM flag: null signal: 0
50
50
jm1909---7/9/2019, 9:08:08 AM flag: false signal: 2
50
au1912---7/9/2019, 9:08:24 AM flag: false signal: 1
50
bu1912---7/9/2019, 9:08:24 AM flag: false signal: 1
50
50
rb1910---7/9/2019, 9:08:24 AM flag: false signal: 2
50
50
i1909---7/9/2019, 9:08:24 AM flag: null signal: 1
50
AP910---7/9/2019, 9:08:24 AM flag: false signal: 1
50
50
50
50
jm1909---7/9/2019, 9:08:25 AM flag: false signal: 2
50
FG909---7/9/2019, 9:08:25 AM flag: false signal: 1
50
y1909---7/9/2019, 9:08:26 AM flag: null signal: 0
50
au1912---7/9/2019, 9:08:42 AM flag: false signal: 0
50
bu1912---7/9/2019, 9:08:42 AM flag: false signal: 1
50
rb1910---7/9/2019, 9:08:42 AM flag: false signal: 2
50
50
i1909---7/9/2019, 9:08:42 AM flag: false signal: 2
50
jm1909---7/9/2019, 9:08:42 AM flag: false signal: 2
50
AP910---7/9/2019, 9:08:42 AM flag: false signal: 1
50
50
y1909---7/9/2019, 9:08:42 AM flag: null signal: 0
50
FG909---7/9/2019, 9:08:43 AM flag: false signal: 1
50
50
50
50
y1909---7/9/2019, 9:09:00 AM flag: null signal: 0
50
50
au1912---7/9/2019, 9:09:00 AM flag: false signal: 0
50
bu1912---7/9/2019, 9:09:00 AM flag: false signal: 0
50
rb1910---7/9/2019, 9:09:00 AM flag: false signal: 2
50
50
i1909---7/9/2019, 9:09:00 AM flag: false signal: 2
50
jm1909---7/9/2019, 9:09:00 AM flag: false signal: 2
50
AP910---7/9/2019, 9:09:00 AM flag: false signal: 1
50
FG909---7/9/2019, 9:09:00 AM flag: false signal: 1
50
50
50
50
y1909---7/9/2019, 9:09:18 AM flag: null signal: 0
50
au1912---7/9/2019, 9:09:18 AM flag: false signal: 0
50
bu1912---7/9/2019, 9:09:18 AM flag: false signal: 0
50
rb1910---7/9/2019, 9:09:18 AM flag: false signal: 2
50
50
i1909---7/9/2019, 9:09:18 AM flag: false signal: 1
50
AP910---7/9/2019, 9:09:18 AM flag: false signal: 1
50
50
50
jm1909---7/9/2019, 9:09:18 AM flag: false signal: 2
50
FG909---7/9/2019, 9:09:18 AM flag: false signal: 1
50
50
50
AP910---7/9/2019, 9:09:36 AM flag: false signal: 1
50
FG909---7/9/2019, 9:09:36 AM flag: false signal: 1
50
50
y1909---7/9/2019, 9:09:36 AM flag: null signal: 0
50
50
au1912---7/9/2019, 9:09:36 AM flag: false signal: 0
50
bu1912---7/9/2019, 9:09:36 AM flag: false signal: 0
50
50
rb1910---7/9/2019, 9:09:36 AM flag: false signal: 1
50
50
i1909---7/9/2019, 9:09:36 AM flag: false signal: 1
50
jm1909---7/9/2019, 9:09:36 AM flag: false signal: 1
50
50
y1909---7/9/2019, 9:09:54 AM flag: null signal: 0
50
50
au1912---7/9/2019, 9:09:54 AM flag: false signal: 0
50
bu1912---7/9/2019, 9:09:54 AM flag: false signal: 0
50
50
rb1910---7/9/2019, 9:09:54 AM flag: false signal: 1
50
50
i1909---7/9/2019, 9:09:54 AM flag: false signal: 1
50
AP910---7/9/2019, 9:09:54 AM flag: false signal: 0
50
FG909---7/9/2019, 9:09:54 AM flag: false signal: 0
50
50
jm1909---7/9/2019, 9:09:54 AM flag: false signal: 1
50
50
y1909---7/9/2019, 9:10:12 AM flag: null signal: 0
50
AP910---7/9/2019, 9:10:12 AM flag: false signal: 0
50
au1912---7/9/2019, 9:10:12 AM flag: false signal: 1
50
bu1912---7/9/2019, 9:10:12 AM flag: false signal: 0
50
rb1910---7/9/2019, 9:10:12 AM flag: false signal: 1
50
50
i1909---7/9/2019, 9:10:12 AM flag: false signal: 1
50
jm1909---7/9/2019, 9:10:12 AM flag: false signal: 1
50
FG909---7/9/2019, 9:10:12 AM flag: false signal: 0
50
50
RM909---7/9/2019, 9:10:12 AM flag: null signal: 1
50
50
50
y1909---7/9/2019, 9:10:30 AM flag: null signal: 0
50
AP910---7/9/2019, 9:10:30 AM flag: false signal: 0
50
50
au1912---7/9/2019, 9:10:30 AM flag: false signal: 1
50
bu1912---7/9/2019, 9:10:30 AM flag: false signal: 0
50
50
rb1910---7/9/2019, 9:10:30 AM flag: false signal: 1
50
50
50
RM909---7/9/2019, 9:10:30 AM flag: null signal: 1
i1909---7/9/2019, 9:10:30 AM flag: false signal: 1
50
jm1909---7/9/2019, 9:10:30 AM flag: false signal: 2
50
FG909---7/9/2019, 9:10:30 AM flag: false signal: 0
50
50
50
au1912---7/9/2019, 9:10:48 AM flag: false signal: 1
50
bu1912---7/9/2019, 9:10:48 AM flag: false signal: 0
50
rb1910---7/9/2019, 9:10:48 AM flag: false signal: 1
50
50
AP910---7/9/2019, 9:10:48 AM flag: false signal: 0
50
50
50
RM909---7/9/2019, 9:10:48 AM flag: null signal: 1
i1909---7/9/2019, 9:10:48 AM flag: false signal: 1
50
jm1909---7/9/2019, 9:10:48 AM flag: false signal: 2
50
y1909---7/9/2019, 9:10:49 AM flag: null signal: 1
50
50
FG909---7/9/2019, 9:10:50 AM flag: false signal: 0
50
au1912---7/9/2019, 9:11:06 AM flag: false signal: 1
50
rb1910---7/9/2019, 9:11:06 AM flag: false signal: 0
50
AP910---7/9/2019, 9:11:06 AM flag: false signal: 0
50
FG909---7/9/2019, 9:11:06 AM flag: false signal: 0
50
50
RM909---7/9/2019, 9:11:06 AM flag: null signal: 1
i1909---7/9/2019, 9:11:06 AM flag: false signal: 1
50
jm1909---7/9/2019, 9:11:06 AM flag: false signal: 2
50
y1909---7/9/2019, 9:11:06 AM flag: null signal: 1
50
50
bu1912---7/9/2019, 9:11:06 AM flag: false signal: 1
50
50
50
50
y1909---7/9/2019, 9:11:24 AM flag: null signal: 1
50
50
au1912---7/9/2019, 9:11:24 AM flag: false signal: 1
50
bu1912---7/9/2019, 9:11:24 AM flag: false signal: 1
50
50
rb1910---7/9/2019, 9:11:24 AM flag: false signal: 0
50
50
AP910---7/9/2019, 9:11:24 AM flag: false signal: 0
50
50
RM909---7/9/2019, 9:11:24 AM flag: null signal: 1
i1909---7/9/2019, 9:11:24 AM flag: false signal: 0
50
jm1909---7/9/2019, 9:11:24 AM flag: false signal: 2
50
FG909---7/9/2019, 9:11:25 AM flag: false signal: 0
50
50
au1912---7/9/2019, 9:11:42 AM flag: false signal: 1
50
bu1912---7/9/2019, 9:11:42 AM flag: false signal: 1
50
50
rb1910---7/9/2019, 9:11:42 AM flag: false signal: 0
50
AP910---7/9/2019, 9:11:42 AM flag: false signal: 0
50
FG909---7/9/2019, 9:11:42 AM flag: false signal: 0
50
50
RM909---7/9/2019, 9:11:42 AM flag: null signal: 1
i1909---7/9/2019, 9:11:42 AM flag: false signal: 0
50
jm1909---7/9/2019, 9:11:42 AM flag: false signal: 2
50
y1909---7/9/2019, 9:11:42 AM flag: null signal: 1
50
50
50
50
50
bu1912---7/9/2019, 9:12:00 AM flag: false signal: 0
50
rb1910---7/9/2019, 9:12:00 AM flag: false signal: 0
50
50
i1909---7/9/2019, 9:12:00 AM flag: false signal: 0
50
jm1909---7/9/2019, 9:12:00 AM flag: false signal: 1
50
FG909---7/9/2019, 9:12:00 AM flag: false signal: 1
50
50
RM909---7/9/2019, 9:12:00 AM flag: null signal: 1
au1912---7/9/2019, 9:12:00 AM flag: false signal: 1
50
50
AP910---7/9/2019, 9:12:00 AM flag: false signal: 0
50
50
y1909---7/9/2019, 9:12:02 AM flag: false signal: 2
50
y1909---7/9/2019, 9:12:18 AM flag: false signal: 2
50
au1912---7/9/2019, 9:12:18 AM flag: false signal: 1
50
bu1912---7/9/2019, 9:12:18 AM flag: false signal: 0
50
50
rb1910---7/9/2019, 9:12:18 AM flag: false signal: 0
50
50
i1909---7/9/2019, 9:12:18 AM flag: false signal: 0
50
AP910---7/9/2019, 9:12:18 AM flag: false signal: 1
50
50
50
RM909---7/9/2019, 9:12:18 AM flag: null signal: 1
50
FG909---7/9/2019, 9:12:18 AM flag: false signal: 1
50
jm1909---7/9/2019, 9:12:19 AM flag: false signal: 1
50
y1909---7/9/2019, 9:12:36 AM flag: false signal: 2
50
50
au1912---7/9/2019, 9:12:36 AM flag: false signal: 1
50
bu1912---7/9/2019, 9:12:36 AM flag: false signal: 0
50
50
rb1910---7/9/2019, 9:12:36 AM flag: false signal: 0
50
50
i1909---7/9/2019, 9:12:36 AM flag: false signal: 0
50
jm1909---7/9/2019, 9:12:36 AM flag: false signal: 1
50
FG909---7/9/2019, 9:12:36 AM flag: false signal: 1
50
50
RM909---7/9/2019, 9:12:36 AM flag: null signal: 1
AP910---7/9/2019, 9:12:37 AM flag: false signal: 1
50
50
50
au1912---7/9/2019, 9:12:54 AM flag: false signal: 1
50
bu1912---7/9/2019, 9:12:54 AM flag: false signal: 0
50
rb1910---7/9/2019, 9:12:54 AM flag: false signal: 0
50
50
i1909---7/9/2019, 9:12:54 AM flag: false signal: 0
50
jm1909---7/9/2019, 9:12:54 AM flag: false signal: 1
50
AP910---7/9/2019, 9:12:54 AM flag: false signal: 1
50
FG909---7/9/2019, 9:12:54 AM flag: false signal: 0
50
50
RM909---7/9/2019, 9:12:54 AM flag: null signal: 1
50
y1909---7/9/2019, 9:12:54 AM flag: false signal: 2
50
50
y1909---7/9/2019, 9:13:12 AM flag: false signal: 2
50
au1912---7/9/2019, 9:13:12 AM flag: false signal: 1
50
bu1912---7/9/2019, 9:13:12 AM flag: false signal: 0
50
50
rb1910---7/9/2019, 9:13:12 AM flag: false signal: 1
50
50
i1909---7/9/2019, 9:13:12 AM flag: false signal: 0
50
AP910---7/9/2019, 9:13:12 AM flag: false signal: 1
50
FG909---7/9/2019, 9:13:12 AM flag: false signal: 0
50
50
RM909---7/9/2019, 9:13:12 AM flag: null signal: 1
50
jm1909---7/9/2019, 9:13:12 AM flag: false signal: 1
50
50
au1912---7/9/2019, 9:13:30 AM flag: false signal: 1
50
bu1912---7/9/2019, 9:13:30 AM flag: false signal: 0
50
50
rb1910---7/9/2019, 9:13:30 AM flag: false signal: 1
50
50
i1909---7/9/2019, 9:13:30 AM flag: false signal: 0
50
jm1909---7/9/2019, 9:13:30 AM flag: false signal: 1
50
AP910---7/9/2019, 9:13:30 AM flag: false signal: 0
50
FG909---7/9/2019, 9:13:30 AM flag: false signal: 0
50
50
RM909---7/9/2019, 9:13:30 AM flag: null signal: 1
50
y1909---7/9/2019, 9:13:31 AM flag: false signal: 2
50
50
y1909---7/9/2019, 9:13:48 AM flag: false signal: 2
50
50
bu1912---7/9/2019, 9:13:48 AM flag: false signal: 0
50
rb1910---7/9/2019, 9:13:48 AM flag: false signal: 0
50
50
i1909---7/9/2019, 9:13:48 AM flag: false signal: 0
50
AP910---7/9/2019, 9:13:48 AM flag: false signal: 0
50
FG909---7/9/2019, 9:13:48 AM flag: false signal: 0
50
50
RM909---7/9/2019, 9:13:48 AM flag: null signal: 1
50
au1912---7/9/2019, 9:13:49 AM flag: false signal: 1
50
jm1909---7/9/2019, 9:13:49 AM flag: false signal: 2
50
50
au1912---7/9/2019, 9:14:06 AM flag: false signal: 1
50
bu1912---7/9/2019, 9:14:06 AM flag: false signal: 1
50
rb1910---7/9/2019, 9:14:06 AM flag: false signal: 0
50
50
i1909---7/9/2019, 9:14:06 AM flag: false signal: 0
50
AP910---7/9/2019, 9:14:06 AM flag: false signal: 0
50
FG909---7/9/2019, 9:14:06 AM flag: false signal: 0
50
50
50
RM909---7/9/2019, 9:14:06 AM flag: null signal: 1
y1909---7/9/2019, 9:14:06 AM flag: false signal: 2
50
50
jm1909---7/9/2019, 9:14:06 AM flag: false signal: 2
50
50
50
au1912---7/9/2019, 9:14:24 AM flag: false signal: 1
50
bu1912---7/9/2019, 9:14:24 AM flag: false signal: 0
50
50
rb1910---7/9/2019, 9:14:24 AM flag: false signal: 0
50
50
i1909---7/9/2019, 9:14:24 AM flag: false signal: 1
50
AP910---7/9/2019, 9:14:24 AM flag: false signal: 0
50
FG909---7/9/2019, 9:14:24 AM flag: false signal: 0
50
50
jm1909---7/9/2019, 9:14:24 AM flag: false signal: 2
50
50
RM909---7/9/2019, 9:14:24 AM flag: null signal: 1
y1909---7/9/2019, 9:14:25 AM flag: false signal: 2
50
y1909---7/9/2019, 9:14:42 AM flag: false signal: 2
50
50
au1912---7/9/2019, 9:14:42 AM flag: false signal: 1
50
bu1912---7/9/2019, 9:14:42 AM flag: false signal: 0
50
50
rb1910---7/9/2019, 9:14:42 AM flag: false signal: 0
50
50
i1909---7/9/2019, 9:14:42 AM flag: false signal: 1
50
jm1909---7/9/2019, 9:14:42 AM flag: false signal: 2
50
AP910---7/9/2019, 9:14:42 AM flag: false signal: 0
50
FG909---7/9/2019, 9:14:42 AM flag: false signal: 0
50
50
50
RM909---7/9/2019, 9:14:42 AM flag: null signal: 1
AP910---7/9/2019, 9:15:00 AM flag: false signal: 0
50
y1909---7/9/2019, 9:15:00 AM flag: false signal: 1
50
50
50
RM909---7/9/2019, 9:15:00 AM flag: null signal: 1
50
au1912---7/9/2019, 9:15:00 AM flag: false signal: 0
50
bu1912---7/9/2019, 9:15:00 AM flag: false signal: 0
50
rb1910---7/9/2019, 9:15:00 AM flag: false signal: 0
50
50
i1909---7/9/2019, 9:15:00 AM flag: false signal: 1
50
FG909---7/9/2019, 9:15:00 AM flag: false signal: 0
50
jm1909---7/9/2019, 9:15:00 AM flag: false signal: 1
50
50
y1909---7/9/2019, 9:15:18 AM flag: false signal: 1
50
FG909---7/9/2019, 9:15:18 AM flag: false signal: 0
50
50
50
au1912---7/9/2019, 9:15:18 AM flag: false signal: 0
50
bu1912---7/9/2019, 9:15:18 AM flag: false signal: 0
50
rb1910---7/9/2019, 9:15:18 AM flag: false signal: 0
50
50
i1909---7/9/2019, 9:15:18 AM flag: false signal: 1
50
jm1909---7/9/2019, 9:15:18 AM flag: false signal: 1
50
AP910---7/9/2019, 9:15:18 AM flag: false signal: 0
50
50
50
pb1908---7/9/2019, 9:15:19 AM flag: null signal: 0
AP910---7/9/2019, 9:15:36 AM flag: false signal: 1
50
FG909---7/9/2019, 9:15:36 AM flag: false signal: 0
50
50
50
au1912---7/9/2019, 9:15:36 AM flag: false signal: 0
50
bu1912---7/9/2019, 9:15:36 AM flag: false signal: 0
50
rb1910---7/9/2019, 9:15:36 AM flag: false signal: 0
50
50
i1909---7/9/2019, 9:15:36 AM flag: false signal: 2
50
jm1909---7/9/2019, 9:15:36 AM flag: false signal: 1
50
y1909---7/9/2019, 9:15:36 AM flag: false signal: 1
50
50
50
pb1908---7/9/2019, 9:15:39 AM flag: null signal: 0
50
au1912---7/9/2019, 9:15:54 AM flag: false signal: 1
50
bu1912---7/9/2019, 9:15:54 AM flag: false signal: 0
50
rb1910---7/9/2019, 9:15:54 AM flag: false signal: 1
50
50
i1909---7/9/2019, 9:15:54 AM flag: false signal: 2
50
jm1909---7/9/2019, 9:15:54 AM flag: false signal: 1
50
AP910---7/9/2019, 9:15:54 AM flag: false signal: 1
50
FG909---7/9/2019, 9:15:54 AM flag: false signal: 0
50
50
y1909---7/9/2019, 9:15:54 AM flag: false signal: 1
50
50
pb1908---7/9/2019, 9:15:55 AM flag: null signal: 0
50
50
au1912---7/9/2019, 9:16:12 AM flag: false signal: 1
50
bu1912---7/9/2019, 9:16:12 AM flag: false signal: 0
50
rb1910---7/9/2019, 9:16:12 AM flag: false signal: 1
50
50
AP910---7/9/2019, 9:16:12 AM flag: false signal: 1
50
50
i1909---7/9/2019, 9:16:12 AM flag: false signal: 2
50
jm1909---7/9/2019, 9:16:12 AM flag: false signal: 1
50
y1909---7/9/2019, 9:16:12 AM flag: false signal: 1
50
50
pb1908---7/9/2019, 9:16:12 AM flag: null signal: 0
FG909---7/9/2019, 9:16:13 AM flag: false signal: 1
50
50
y1909---7/9/2019, 9:16:30 AM flag: false signal: 1
50
50
au1912---7/9/2019, 9:16:30 AM flag: false signal: 1
50
bu1912---7/9/2019, 9:16:30 AM flag: false signal: 0
50
rb1910---7/9/2019, 9:16:30 AM flag: false signal: 2
50
50
AP910---7/9/2019, 9:16:30 AM flag: false signal: 0
50
FG909---7/9/2019, 9:16:30 AM flag: false signal: 1
50
50
i1909---7/9/2019, 9:16:30 AM flag: false signal: 2
50
50
jm1909---7/9/2019, 9:16:31 AM flag: false signal: 1
50
50
pb1908---7/9/2019, 9:16:32 AM flag: null signal: 0
50
au1912---7/9/2019, 9:16:48 AM flag: false signal: 1
50
bu1912---7/9/2019, 9:16:48 AM flag: false signal: 0
50
50
rb1910---7/9/2019, 9:16:48 AM flag: false signal: 2
50
50
AP910---7/9/2019, 9:16:48 AM flag: false signal: 0
50
FG909---7/9/2019, 9:16:48 AM flag: false signal: 1
50
50
pb1908---7/9/2019, 9:16:48 AM flag: null signal: 0
i1909---7/9/2019, 9:16:48 AM flag: false signal: 2
50
jm1909---7/9/2019, 9:16:48 AM flag: false signal: 1
50
50
y1909---7/9/2019, 9:16:50 AM flag: false signal: 1
50
y1909---7/9/2019, 9:17:06 AM flag: false signal: 1
50
au1912---7/9/2019, 9:17:06 AM flag: false signal: 1
50
bu1912---7/9/2019, 9:17:06 AM flag: false signal: 0
50
rb1910---7/9/2019, 9:17:06 AM flag: false signal: 2
50
50
AP910---7/9/2019, 9:17:06 AM flag: false signal: 0
50
FG909---7/9/2019, 9:17:06 AM flag: false signal: 1
50
50
i1909---7/9/2019, 9:17:06 AM flag: false signal: 2
50
jm1909---7/9/2019, 9:17:06 AM flag: false signal: 1
50
50
50
50
pb1908---7/9/2019, 9:17:07 AM flag: null signal: 0
50
au1912---7/9/2019, 9:17:24 AM flag: false signal: 1
50
bu1912---7/9/2019, 9:17:24 AM flag: false signal: 0
50
rb1910---7/9/2019, 9:17:24 AM flag: false signal: 2
50
50
AP910---7/9/2019, 9:17:24 AM flag: false signal: 0
50
FG909---7/9/2019, 9:17:24 AM flag: false signal: 1
50
50
50
i1909---7/9/2019, 9:17:24 AM flag: false signal: 2
50
jm1909---7/9/2019, 9:17:24 AM flag: false signal: 1
50
y1909---7/9/2019, 9:17:25 AM flag: false signal: 1
50
50
pb1908---7/9/2019, 9:17:32 AM flag: null signal: 0
50
bu1912---7/9/2019, 9:17:42 AM flag: false signal: 0
50
rb1910---7/9/2019, 9:17:42 AM flag: false signal: 2
50
50
AP910---7/9/2019, 9:17:42 AM flag: false signal: 0
50
i1909---7/9/2019, 9:17:42 AM flag: false signal: 2
50
FG909---7/9/2019, 9:17:42 AM flag: false signal: 1
50
50
au1912---7/9/2019, 9:17:42 AM flag: false signal: 1
50
jm1909---7/9/2019, 9:17:42 AM flag: false signal: 2
50
50
y1909---7/9/2019, 9:17:44 AM flag: false signal: 2
50
50
pb1908---7/9/2019, 9:17:44 AM flag: null signal: 0
y1909---7/9/2019, 9:18:00 AM flag: false signal: 2
50
50
bu1912---7/9/2019, 9:18:00 AM flag: false signal: 0
50
rb1910---7/9/2019, 9:18:00 AM flag: false signal: 2
50
50
i1909---7/9/2019, 9:18:00 AM flag: false signal: 1
50
jm1909---7/9/2019, 9:18:00 AM flag: false signal: 2
50
AP910---7/9/2019, 9:18:00 AM flag: false signal: 0
50
50
FG909---7/9/2019, 9:18:00 AM flag: false signal: 1
50
au1912---7/9/2019, 9:18:01 AM flag: false signal: 1
50
50
50
pb1908---7/9/2019, 9:18:02 AM flag: null signal: 0
au1912---7/9/2019, 9:18:18 AM flag: false signal: 1
50
bu1912---7/9/2019, 9:18:18 AM flag: false signal: 0
50
rb1910---7/9/2019, 9:18:18 AM flag: false signal: 2
50
50
i1909---7/9/2019, 9:18:18 AM flag: false signal: 1
50
jm1909---7/9/2019, 9:18:18 AM flag: false signal: 2
50
AP910---7/9/2019, 9:18:18 AM flag: false signal: 0
50
50
50
y1909---7/9/2019, 9:18:19 AM flag: false signal: 2
50
50
pb1908---7/9/2019, 9:18:19 AM flag: null signal: 0
FG909---7/9/2019, 9:18:18 AM flag: false signal: 1
50
50
50
au1912---7/9/2019, 9:18:36 AM flag: false signal: 1
50
bu1912---7/9/2019, 9:18:36 AM flag: false signal: 1
50
50
rb1910---7/9/2019, 9:18:36 AM flag: false signal: 2
50
50
pb1908---7/9/2019, 9:18:36 AM flag: null signal: 0
i1909---7/9/2019, 9:18:36 AM flag: false signal: 1
50
jm1909---7/9/2019, 9:18:36 AM flag: false signal: 2
50
AP910---7/9/2019, 9:18:36 AM flag: false signal: 0
50
50
50
y1909---7/9/2019, 9:18:36 AM flag: false signal: 2
50
FG909---7/9/2019, 9:18:36 AM flag: false signal: 1
50
50
au1912---7/9/2019, 9:18:54 AM flag: false signal: 1
50
bu1912---7/9/2019, 9:18:54 AM flag: false signal: 1
50
rb1910---7/9/2019, 9:18:54 AM flag: false signal: 2
50
50
i1909---7/9/2019, 9:18:54 AM flag: false signal: 1
50
jm1909---7/9/2019, 9:18:54 AM flag: false signal: 2
50
AP910---7/9/2019, 9:18:54 AM flag: false signal: 0
50
50
y1909---7/9/2019, 9:18:54 AM flag: false signal: 2
50
FG909---7/9/2019, 9:18:54 AM flag: false signal: 1
50
50
pb1908---7/9/2019, 9:18:56 AM flag: null signal: 0
50
50
au1912---7/9/2019, 9:19:12 AM flag: false signal: 2
50
bu1912---7/9/2019, 9:19:12 AM flag: false signal: 1
50
rb1910---7/9/2019, 9:19:12 AM flag: false signal: 2
50
50
i1909---7/9/2019, 9:19:12 AM flag: false signal: 1
50
AP910---7/9/2019, 9:19:12 AM flag: false signal: 0
50
FG909---7/9/2019, 9:19:12 AM flag: false signal: 1
50
50
jm1909---7/9/2019, 9:19:12 AM flag: false signal: 2
50
50
50
pb1908---7/9/2019, 9:19:13 AM flag: null signal: 1
y1909---7/9/2019, 9:19:13 AM flag: false signal: 2
50
y1909---7/9/2019, 9:19:30 AM flag: false signal: 2
50
50
au1912---7/9/2019, 9:19:30 AM flag: false signal: 2
50
bu1912---7/9/2019, 9:19:30 AM flag: false signal: 1
50
rb1910---7/9/2019, 9:19:30 AM flag: false signal: 2
50
50
i1909---7/9/2019, 9:19:30 AM flag: false signal: 1
50
jm1909---7/9/2019, 9:19:30 AM flag: false signal: 2
50
AP910---7/9/2019, 9:19:30 AM flag: false signal: 1
50
FG909---7/9/2019, 9:19:30 AM flag: false signal: 1
50
50
50
pb1908---7/9/2019, 9:19:30 AM flag: null signal: 1
50
50
au1912---7/9/2019, 9:19:48 AM flag: false signal: 2
50
bu1912---7/9/2019, 9:19:48 AM flag: false signal: 1
50
rb1910---7/9/2019, 9:19:48 AM flag: false signal: 1
50
50
i1909---7/9/2019, 9:19:48 AM flag: false signal: 1
50
AP910---7/9/2019, 9:19:48 AM flag: false signal: 1
50
FG909---7/9/2019, 9:19:48 AM flag: false signal: 1
50
50
50
pb1908---7/9/2019, 9:19:48 AM flag: null signal: 1
y1909---7/9/2019, 9:19:49 AM flag: false signal: 1
50
jm1909---7/9/2019, 9:19:50 AM flag: false signal: 2
50
50
y1909---7/9/2019, 9:20:06 AM flag: false signal: 1
50
50
au1912---7/9/2019, 9:20:06 AM flag: false signal: 2
50
bu1912---7/9/2019, 9:20:06 AM flag: false signal: 1
50
50
rb1910---7/9/2019, 9:20:06 AM flag: false signal: 1
50
50
sp1909---7/9/2019, 9:20:06 AM flag: null signal: 1
pb1908---7/9/2019, 9:20:06 AM flag: null signal: 1
i1909---7/9/2019, 9:20:06 AM flag: false signal: 1
50
jm1909---7/9/2019, 9:20:06 AM flag: false signal: 2
50
AP910---7/9/2019, 9:20:06 AM flag: false signal: 1
50
FG909---7/9/2019, 9:20:06 AM flag: false signal: 1
50
50
50
50
au1912---7/9/2019, 9:20:24 AM flag: false signal: 2
50
bu1912---7/9/2019, 9:20:24 AM flag: false signal: 1
50
rb1910---7/9/2019, 9:20:24 AM flag: false signal: 1
50
50
sp1909---7/9/2019, 9:20:24 AM flag: null signal: 1
i1909---7/9/2019, 9:20:24 AM flag: false signal: 1
50
jm1909---7/9/2019, 9:20:24 AM flag: false signal: 1
50
AP910---7/9/2019, 9:20:24 AM flag: false signal: 1
50
50
50
y1909---7/9/2019, 9:20:24 AM flag: false signal: 1
50
FG909---7/9/2019, 9:20:24 AM flag: false signal: 1
50
50
pb1908---7/9/2019, 9:20:25 AM flag: null signal: 1
