3000/tcp:             1782
[32minfo[39m:    Forever stopped process:
[37m   [39m [37muid[39m  [90mcommand[39m                                          [90mscript[39m  [37mforever[39m [37mpid[39m   [37mid[39m [35mlogfile[39m                                              [33muptime[39m      
[0] cIAA [90m/home/ubuntu/.nvm/versions/node/v8.11.2/bin/node[39m [90mbin/www[39m 1776    25989    [35m/home/ubuntu/project/nodequant/nodequant/forever.log[39m [33m0:0:0:0.514[39m 
[33mwarn[39m:    --minUptime not set. Defaulting to: 1000ms
[33mwarn[39m:    --spinSleepTime not set. Your script will exit if it does not stay up for at least 1000ms
[32minfo[39m:    Forever processing file: [90m./bin/www[39m
3000/tcp:            26033
[32minfo[39m:    Forever stopped process:
[37m   [39m [37muid[39m  [90mcommand[39m       [90mscript[39m  [37mforever[39m [37mpid[39m   [37mid[39m [35mlogfile[39m                                              [33muptime[39m      
[0] hcP8 [90m/usr/bin/node[39m [90mbin/www[39m 26025   20806    [35m/home/ubuntu/project/nodequant/nodequant/forever.log[39m [33m0:0:0:0.658[39m 
[33mwarn[39m:    --minUptime not set. Defaulting to: 1000ms
[33mwarn[39m:    --spinSleepTime not set. Your script will exit if it does not stay up for at least 1000ms
[32minfo[39m:    Forever processing file: [90m./bin/www[39m
3000/tcp:            23094
[32minfo[39m:    Forever stopped process:
[37m   [39m [37muid[39m  [90mcommand[39m                                          [90mscript[39m  [37mforever[39m [37mpid[39m   [37mid[39m [35mlogfile[39m                                              [33muptime[39m      
[0] ymj_ [90m/home/ubuntu/.nvm/versions/node/v8.11.2/bin/node[39m [90mbin/www[39m 23088   17221    [35m/home/ubuntu/project/nodequant/nodequant/forever.log[39m [33m0:0:0:0.542[39m 
[33mwarn[39m:    --minUptime not set. Defaulting to: 1000ms
[33mwarn[39m:    --spinSleepTime not set. Your script will exit if it does not stay up for at least 1000ms
[32minfo[39m:    Forever processing file: [90m./bin/www[39m
3000/tcp:            17264
[32minfo[39m:    Forever stopped process:
[37m   [39m [37muid[39m  [90mcommand[39m       [90mscript[39m  [37mforever[39m [37mpid[39m   [37mid[39m [35mlogfile[39m                                              [33muptime[39m      
[0] BcEP [90m/usr/bin/node[39m [90mbin/www[39m 17257   27616    [35m/home/ubuntu/project/nodequant/nodequant/forever.log[39m [33m0:0:0:0.715[39m 
[33mwarn[39m:    --minUptime not set. Defaulting to: 1000ms
[33mwarn[39m:    --spinSleepTime not set. Your script will exit if it does not stay up for at least 1000ms
[32minfo[39m:    Forever processing file: [90m./bin/www[39m
3000/tcp:             6821
[32minfo[39m:    Forever stopped process:
[37m   [39m [37muid[39m  [90mcommand[39m                                          [90mscript[39m  [37mforever[39m [37mpid[39m  [37mid[39m [35mlogfile[39m                                              [33muptime[39m      
[0] uioB [90m/home/ubuntu/.nvm/versions/node/v8.11.2/bin/node[39m [90mbin/www[39m 6815    6603    [35m/home/ubuntu/project/nodequant/nodequant/forever.log[39m [33m0:0:0:0.513[39m 
[33mwarn[39m:    --minUptime not set. Defaulting to: 1000ms
[33mwarn[39m:    --spinSleepTime not set. Your script will exit if it does not stay up for at least 1000ms
[32minfo[39m:    Forever processing file: [90m./bin/www[39m
3000/tcp:             6642
[32minfo[39m:    Forever stopped process:
[37m   [39m [37muid[39m  [90mcommand[39m       [90mscript[39m  [37mforever[39m [37mpid[39m   [37mid[39m [35mlogfile[39m                                              [33muptime[39m      
[0] vwBQ [90m/usr/bin/node[39m [90mbin/www[39m 6635    20631    [35m/home/ubuntu/project/nodequant/nodequant/forever.log[39m [33m0:0:0:0.684[39m 
[33mwarn[39m:    --minUptime not set. Defaulting to: 1000ms
[33mwarn[39m:    --spinSleepTime not set. Your script will exit if it does not stay up for at least 1000ms
[32minfo[39m:    Forever processing file: [90m./bin/www[39m
3000/tcp:            13932
[32minfo[39m:    Forever stopped process:
[37m   [39m [37muid[39m  [90mcommand[39m                                          [90mscript[39m  [37mforever[39m [37mpid[39m   [37mid[39m [35mlogfile[39m                                              [33muptime[39m      
[0] KtVU [90m/home/ubuntu/.nvm/versions/node/v8.11.2/bin/node[39m [90mbin/www[39m 13926   20074    [35m/home/ubuntu/project/nodequant/nodequant/forever.log[39m [33m0:0:0:0.592[39m 
[33mwarn[39m:    --minUptime not set. Defaulting to: 1000ms
[33mwarn[39m:    --spinSleepTime not set. Your script will exit if it does not stay up for at least 1000ms
[32minfo[39m:    Forever processing file: [90m./bin/www[39m
3000/tcp:             1915
[32minfo[39m:    Forever stopped process:
[37m   [39m [37muid[39m  [90mcommand[39m                                          [90mscript[39m  [37mforever[39m [37mpid[39m   [37mid[39m [35mlogfile[39m                                              [33muptime[39m      
[0] asL2 [90m/home/ubuntu/.nvm/versions/node/v8.11.2/bin/node[39m [90mbin/www[39m 1908    18158    [35m/home/ubuntu/project/nodequant/nodequant/forever.log[39m [33m0:0:0:0.999[39m 
[33mwarn[39m:    --minUptime not set. Defaulting to: 1000ms
[33mwarn[39m:    --spinSleepTime not set. Your script will exit if it does not stay up for at least 1000ms
[32minfo[39m:    Forever processing file: [90m./bin/www[39m
3000/tcp:            12303
[32minfo[39m:    Forever stopped process:
[37m   [39m [37muid[39m  [90mcommand[39m                                          [90mscript[39m  [37mforever[39m [37mpid[39m   [37mid[39m [35mlogfile[39m                                              [33muptime[39m      
[0] T2lU [90m/home/ubuntu/.nvm/versions/node/v8.11.2/bin/node[39m [90mbin/www[39m 12297   14875    [35m/home/ubuntu/project/nodequant/nodequant/forever.log[39m [33m0:0:0:0.529[39m 
[33mwarn[39m:    --minUptime not set. Defaulting to: 1000ms
[33mwarn[39m:    --spinSleepTime not set. Your script will exit if it does not stay up for at least 1000ms
[32minfo[39m:    Forever processing file: [90m./bin/www[39m
3000/tcp:            14914
[32minfo[39m:    Forever stopped process:
[37m   [39m [37muid[39m  [90mcommand[39m       [90mscript[39m  [37mforever[39m [37mpid[39m   [37mid[39m [35mlogfile[39m                                              [33muptime[39m      
[0] b2hQ [90m/usr/bin/node[39m [90mbin/www[39m 14907   12808    [35m/home/ubuntu/project/nodequant/nodequant/forever.log[39m [33m0:0:0:0.643[39m 
[33mwarn[39m:    --minUptime not set. Defaulting to: 1000ms
[33mwarn[39m:    --spinSleepTime not set. Your script will exit if it does not stay up for at least 1000ms
[32minfo[39m:    Forever processing file: [90m./bin/www[39m
3000/tcp:             3174
[32minfo[39m:    Forever stopped process:
[37m   [39m [37muid[39m  [90mcommand[39m                                          [90mscript[39m  [37mforever[39m [37mpid[39m  [37mid[39m [35mlogfile[39m                                              [33muptime[39m      
[0] LysK [90m/home/ubuntu/.nvm/versions/node/v8.11.2/bin/node[39m [90mbin/www[39m 3168    9188    [35m/home/ubuntu/project/nodequant/nodequant/forever.log[39m [33m0:0:0:0.514[39m 
[33mwarn[39m:    --minUptime not set. Defaulting to: 1000ms
[33mwarn[39m:    --spinSleepTime not set. Your script will exit if it does not stay up for at least 1000ms
[32minfo[39m:    Forever processing file: [90m./bin/www[39m
3000/tcp:             8948
[32minfo[39m:    Forever stopped process:
[37m   [39m [37muid[39m  [90mcommand[39m                                          [90mscript[39m  [37mforever[39m [37mpid[39m   [37mid[39m [35mlogfile[39m                                              [33muptime[39m      
[0] z3yu [90m/home/ubuntu/.nvm/versions/node/v8.11.2/bin/node[39m [90mbin/www[39m 8942    10997    [35m/home/ubuntu/project/nodequant/nodequant/forever.log[39m [33m0:0:0:0.816[39m 
[33mwarn[39m:    --minUptime not set. Defaulting to: 1000ms
[33mwarn[39m:    --spinSleepTime not set. Your script will exit if it does not stay up for at least 1000ms
[32minfo[39m:    Forever processing file: [90m./bin/www[39m
3000/tcp:            13686
[32minfo[39m:    Forever stopped process:
[37m   [39m [37muid[39m  [90mcommand[39m                                          [90mscript[39m  [37mforever[39m [37mpid[39m   [37mid[39m [35mlogfile[39m                                              [33muptime[39m      
[0] cKih [90m/home/ubuntu/.nvm/versions/node/v8.11.2/bin/node[39m [90mbin/www[39m 13680   16411    [35m/home/ubuntu/project/nodequant/nodequant/forever.log[39m [33m0:0:0:0.500[39m 
[33mwarn[39m:    --minUptime not set. Defaulting to: 1000ms
[33mwarn[39m:    --spinSleepTime not set. Your script will exit if it does not stay up for at least 1000ms
[32minfo[39m:    Forever processing file: [90m./bin/www[39m
3000/tcp:            15119
[32minfo[39m:    Forever stopped process:
[37m   [39m [37muid[39m  [90mcommand[39m                                          [90mscript[39m  [37mforever[39m [37mpid[39m   [37mid[39m [35mlogfile[39m                                              [33muptime[39m      
[0] oH-_ [90m/home/ubuntu/.nvm/versions/node/v8.11.2/bin/node[39m [90mbin/www[39m 15113   17435    [35m/home/ubuntu/project/nodequant/nodequant/forever.log[39m [33m0:0:0:0.535[39m 
[33mwarn[39m:    --minUptime not set. Defaulting to: 1000ms
[33mwarn[39m:    --spinSleepTime not set. Your script will exit if it does not stay up for at least 1000ms
[32minfo[39m:    Forever processing file: [90m./bin/www[39m
